# JRE version: OpenJDK Runtime Environment (11.0.16+8) (build 11.0.16+8-post-Raspbian-1deb10u1)
# Java VM: OpenJDK Server VM (11.0.16+8-post-Raspbian-1deb10u1, mixed mode, g1 gc, linux-)
Heap:
 garbage-first heap   total 100352K, used 65445K [0x73a00000, 0xb3a00000)
  region size 1024K, 43 young (44032K), 3 survivors (3072K)
 Metaspace       used 46377K, capacity 47377K, committed 47488K, reserved 48432K
GC Heap History (20 events):
Event: 18,955 GC heap before
{Heap before GC invocations=17 (full 0):
 garbage-first heap   total 83968K, used 41695K [0x73a00000, 0xb3a00000)
  region size 1024K, 31 young (31744K), 4 survivors (4096K)
 Metaspace       used 27099K, capacity 27517K, committed 27520K, reserved 27952K
}
Event: 18,980 GC heap after
{Heap after GC invocations=18 (full 0):
 garbage-first heap   total 90112K, used 15553K [0x73a00000, 0xb3a00000)
  region size 1024K, 5 young (5120K), 5 survivors (5120K)
 Metaspace       used 27099K, capacity 27517K, committed 27520K, reserved 27952K
}
Event: 20,820 GC heap before
{Heap before GC invocations=19 (full 0):
 garbage-first heap   total 90112K, used 62657K [0x73a00000, 0xb3a00000)
  region size 1024K, 51 young (52224K), 5 survivors (5120K)
 Metaspace       used 29626K, capacity 30056K, committed 30080K, reserved 31024K
}
Event: 20,846 GC heap after
{Heap after GC invocations=20 (full 0):
 garbage-first heap   total 90112K, used 16206K [0x73a00000, 0xb3a00000)
  region size 1024K, 4 young (4096K), 4 survivors (4096K)
 Metaspace       used 29626K, capacity 30056K, committed 30080K, reserved 31024K
}
Event: 22,374 GC heap before
{Heap before GC invocations=20 (full 0):
 garbage-first heap   total 90112K, used 65358K [0x73a00000, 0xb3a00000)
  region size 1024K, 52 young (53248K), 4 survivors (4096K)
 Metaspace       used 32487K, capacity 32980K, committed 33024K, reserved 33072K
}
Event: 22,393 GC heap after
{Heap after GC invocations=21 (full 0):
 garbage-first heap   total 90112K, used 17319K [0x73a00000, 0xb3a00000)
  region size 1024K, 5 young (5120K), 5 survivors (5120K)
 Metaspace       used 32487K, capacity 32980K, committed 33024K, reserved 33072K
}
Event: 23,856 GC heap before
{Heap before GC invocations=21 (full 0):
 garbage-first heap   total 90112K, used 65447K [0x73a00000, 0xb3a00000)
  region size 1024K, 52 young (53248K), 5 survivors (5120K)
 Metaspace       used 35638K, capacity 36155K, committed 36224K, reserved 37168K
}
Event: 23,875 GC heap after
{Heap after GC invocations=22 (full 0):
 garbage-first heap   total 90112K, used 18045K [0x73a00000, 0xb3a00000)
  region size 1024K, 4 young (4096K), 4 survivors (4096K)
 Metaspace       used 35638K, capacity 36155K, committed 36224K, reserved 37168K
}
Event: 25,487 GC heap before
{Heap before GC invocations=22 (full 0):
 garbage-first heap   total 90112K, used 67197K [0x73a00000, 0xb3a00000)
  region size 1024K, 52 young (53248K), 4 survivors (4096K)
 Metaspace       used 38216K, capacity 38779K, committed 38912K, reserved 39216K
}
Event: 25,516 GC heap after
{Heap after GC invocations=23 (full 0):
 garbage-first heap   total 95232K, used 19650K [0x73a00000, 0xb3a00000)
  region size 1024K, 5 young (5120K), 5 survivors (5120K)
 Metaspace       used 38216K, capacity 38779K, committed 38912K, reserved 39216K
}
Event: 27,274 GC heap before
{Heap before GC invocations=23 (full 0):
 garbage-first heap   total 95232K, used 70850K [0x73a00000, 0xb3a00000)
  region size 1024K, 55 young (56320K), 5 survivors (5120K)
 Metaspace       used 40085K, capacity 40729K, committed 40832K, reserved 41264K
}
Event: 27,304 GC heap after
{Heap after GC invocations=24 (full 0):
 garbage-first heap   total 95232K, used 20974K [0x73a00000, 0xb3a00000)
  region size 1024K, 5 young (5120K), 5 survivors (5120K)
 Metaspace       used 40085K, capacity 40729K, committed 40832K, reserved 41264K
}
Event: 29,240 GC heap before
{Heap before GC invocations=24 (full 0):
 garbage-first heap   total 95232K, used 72174K [0x73a00000, 0xb3a00000)
  region size 1024K, 55 young (56320K), 5 survivors (5120K)
 Metaspace       used 41217K, capacity 41910K, committed 41984K, reserved 42288K
}
Event: 29,262 GC heap after
{Heap after GC invocations=25 (full 0):
 garbage-first heap   total 95232K, used 22957K [0x73a00000, 0xb3a00000)
  region size 1024K, 6 young (6144K), 6 survivors (6144K)
 Metaspace       used 41217K, capacity 41910K, committed 41984K, reserved 42288K
}
Event: 31,136 GC heap before
{Heap before GC invocations=25 (full 0):
 garbage-first heap   total 95232K, used 73133K [0x73a00000, 0xb3a00000)
  region size 1024K, 55 young (56320K), 6 survivors (6144K)
 Metaspace       used 42523K, capacity 43235K, committed 43264K, reserved 43312K
}
Event: 31,173 GC heap after
{Heap after GC invocations=26 (full 0):
 garbage-first heap   total 95232K, used 24734K [0x73a00000, 0xb3a00000)
  region size 1024K, 6 young (6144K), 6 survivors (6144K)
 Metaspace       used 42523K, capacity 43235K, committed 43264K, reserved 43312K
}
Event: 39,881 GC heap before
{Heap before GC invocations=26 (full 0):
 garbage-first heap   total 95232K, used 74910K [0x73a00000, 0xb3a00000)
  region size 1024K, 55 young (56320K), 6 survivors (6144K)
 Metaspace       used 44546K, capacity 45446K, committed 45568K, reserved 46384K
}
Event: 39,943 GC heap after
{Heap after GC invocations=27 (full 0):
 garbage-first heap   total 100352K, used 25655K [0x73a00000, 0xb3a00000)
  region size 1024K, 5 young (5120K), 5 survivors (5120K)
 Metaspace       used 44546K, capacity 45446K, committed 45568K, reserved 46384K
}
Event: 40,549 GC heap before
{Heap before GC invocations=27 (full 0):
 garbage-first heap   total 100352K, used 53303K [0x73a00000, 0xb3a00000)
  region size 1024K, 33 young (33792K), 5 survivors (5120K)
 Metaspace       used 45201K, capacity 46076K, committed 46080K, reserved 46384K
}
Event: 40,586 GC heap after
{Heap after GC invocations=28 (full 0):
 garbage-first heap   total 100352K, used 25509K [0x73a00000, 0xb3a00000)
  region size 1024K, 3 young (3072K), 3 survivors (3072K)
 Metaspace       used 45201K, capacity 46076K, committed 46080K, reserved 46384K
}

