# JRE version: OpenJDK Runtime Environment (11.0.16+8) (build 11.0.16+8-post-Raspbian-1deb10u1)
# Java VM: OpenJDK Server VM (11.0.16+8-post-Raspbian-1deb10u1, mixed mode, g1 gc, linux-)
Heap:
 garbage-first heap   total 94208K, used 47417K [0x73a00000, 0xb3a00000)
  region size 1024K, 26 young (26624K), 4 survivors (4096K)
 Metaspace       used 45677K, capacity 46626K, committed 46720K, reserved 47408K
GC Heap History (20 events):
Event: 19,414 GC heap before
{Heap before GC invocations=17 (full 0):
 garbage-first heap   total 83968K, used 53958K [0x73a00000, 0xb3a00000)
  region size 1024K, 43 young (44032K), 4 survivors (4096K)
 Metaspace       used 27097K, capacity 27517K, committed 27520K, reserved 27952K
}
Event: 19,443 GC heap after
{Heap after GC invocations=18 (full 0):
 garbage-first heap   total 83968K, used 15576K [0x73a00000, 0xb3a00000)
  region size 1024K, 3 young (3072K), 3 survivors (3072K)
 Metaspace       used 27097K, capacity 27517K, committed 27520K, reserved 27952K
}
Event: 21,361 GC heap before
{Heap before GC invocations=19 (full 0):
 garbage-first heap   total 83968K, used 61656K [0x73a00000, 0xb3a00000)
  region size 1024K, 48 young (49152K), 3 survivors (3072K)
 Metaspace       used 29558K, capacity 29992K, committed 30080K, reserved 31024K
}
Event: 21,379 GC heap after
{Heap after GC invocations=20 (full 0):
 garbage-first heap   total 83968K, used 16529K [0x73a00000, 0xb3a00000)
  region size 1024K, 4 young (4096K), 4 survivors (4096K)
 Metaspace       used 29558K, capacity 29992K, committed 30080K, reserved 31024K
}
Event: 22,897 GC heap before
{Heap before GC invocations=20 (full 0):
 garbage-first heap   total 83968K, used 62609K [0x73a00000, 0xb3a00000)
  region size 1024K, 49 young (50176K), 4 survivors (4096K)
 Metaspace       used 32309K, capacity 32816K, committed 32896K, reserved 33072K
}
Event: 22,913 GC heap after
{Heap after GC invocations=21 (full 0):
 garbage-first heap   total 89088K, used 17317K [0x73a00000, 0xb3a00000)
  region size 1024K, 4 young (4096K), 4 survivors (4096K)
 Metaspace       used 32309K, capacity 32816K, committed 32896K, reserved 33072K
}
Event: 24,374 GC heap before
{Heap before GC invocations=21 (full 0):
 garbage-first heap   total 89088K, used 64421K [0x73a00000, 0xb3a00000)
  region size 1024K, 50 young (51200K), 4 survivors (4096K)
 Metaspace       used 35325K, capacity 35818K, committed 35840K, reserved 36144K
}
Event: 24,387 GC heap after
{Heap after GC invocations=22 (full 0):
 garbage-first heap   total 89088K, used 18202K [0x73a00000, 0xb3a00000)
  region size 1024K, 4 young (4096K), 4 survivors (4096K)
 Metaspace       used 35325K, capacity 35818K, committed 35840K, reserved 36144K
}
Event: 25,950 GC heap before
{Heap before GC invocations=22 (full 0):
 garbage-first heap   total 89088K, used 67354K [0x73a00000, 0xb3a00000)
  region size 1024K, 52 young (53248K), 4 survivors (4096K)
 Metaspace       used 37954K, capacity 38503K, committed 38528K, reserved 39216K
}
Event: 25,970 GC heap after
{Heap after GC invocations=23 (full 0):
 garbage-first heap   total 89088K, used 19529K [0x73a00000, 0xb3a00000)
  region size 1024K, 5 young (5120K), 5 survivors (5120K)
 Metaspace       used 37954K, capacity 38503K, committed 38528K, reserved 39216K
}
Event: 27,716 GC heap before
{Heap before GC invocations=23 (full 0):
 garbage-first heap   total 89088K, used 67657K [0x73a00000, 0xb3a00000)
  region size 1024K, 52 young (53248K), 5 survivors (5120K)
 Metaspace       used 39891K, capacity 40530K, committed 40576K, reserved 41264K
}
Event: 27,735 GC heap after
{Heap after GC invocations=24 (full 0):
 garbage-first heap   total 89088K, used 20843K [0x73a00000, 0xb3a00000)
  region size 1024K, 5 young (5120K), 5 survivors (5120K)
 Metaspace       used 39891K, capacity 40530K, committed 40576K, reserved 41264K
}
Event: 29,532 GC heap before
{Heap before GC invocations=24 (full 0):
 garbage-first heap   total 89088K, used 68971K [0x73a00000, 0xb3a00000)
  region size 1024K, 52 young (53248K), 5 survivors (5120K)
 Metaspace       used 41045K, capacity 41730K, committed 41856K, reserved 42288K
}
Event: 29,564 GC heap after
{Heap after GC invocations=25 (full 0):
 garbage-first heap   total 89088K, used 22934K [0x73a00000, 0xb3a00000)
  region size 1024K, 6 young (6144K), 6 survivors (6144K)
 Metaspace       used 41045K, capacity 41730K, committed 41856K, reserved 42288K
}
Event: 31,068 GC heap before
{Heap before GC invocations=25 (full 0):
 garbage-first heap   total 89088K, used 70038K [0x73a00000, 0xb3a00000)
  region size 1024K, 52 young (53248K), 6 survivors (6144K)
 Metaspace       used 42088K, capacity 42787K, committed 42880K, reserved 43312K
}
Event: 31,095 GC heap after
{Heap after GC invocations=26 (full 0):
 garbage-first heap   total 89088K, used 24382K [0x73a00000, 0xb3a00000)
  region size 1024K, 5 young (5120K), 5 survivors (5120K)
 Metaspace       used 42088K, capacity 42787K, committed 42880K, reserved 43312K
}
Event: 38,400 GC heap before
{Heap before GC invocations=26 (full 0):
 garbage-first heap   total 89088K, used 72510K [0x73a00000, 0xb3a00000)
  region size 1024K, 52 young (53248K), 5 survivors (5120K)
 Metaspace       used 43987K, capacity 44854K, committed 44928K, reserved 45360K
}
Event: 38,457 GC heap after
{Heap after GC invocations=27 (full 0):
 garbage-first heap   total 94208K, used 25448K [0x73a00000, 0xb3a00000)
  region size 1024K, 5 young (5120K), 5 survivors (5120K)
 Metaspace       used 43987K, capacity 44854K, committed 44928K, reserved 45360K
}
Event: 39,669 GC heap before
{Heap before GC invocations=27 (full 0):
 garbage-first heap   total 94208K, used 69480K [0x73a00000, 0xb3a00000)
  region size 1024K, 49 young (50176K), 5 survivors (5120K)
 Metaspace       used 45204K, capacity 46076K, committed 46080K, reserved 46384K
}
Event: 39,721 GC heap after
{Heap after GC invocations=28 (full 0):
 garbage-first heap   total 94208K, used 25913K [0x73a00000, 0xb3a00000)
  region size 1024K, 4 young (4096K), 4 survivors (4096K)
 Metaspace       used 45204K, capacity 46076K, committed 46080K, reserved 46384K
}

