# JRE version: OpenJDK Runtime Environment (11.0.16+8) (build 11.0.16+8-post-Raspbian-1deb10u1)
# Java VM: OpenJDK Server VM (11.0.16+8-post-Raspbian-1deb10u1, mixed mode, g1 gc, linux-)
Heap:
 garbage-first heap   total 94208K, used 36038K [0x73a00000, 0xb3a00000)
  region size 1024K, 18 young (18432K), 6 survivors (6144K)
 Metaspace       used 43649K, capacity 44396K, committed 44416K, reserved 45360K
GC Heap History (20 events):
Event: 18,337 GC heap before
{Heap before GC invocations=16 (full 0):
 garbage-first heap   total 83968K, used 59026K [0x73a00000, 0xb3a00000)
  region size 1024K, 49 young (50176K), 5 survivors (5120K)
 Metaspace       used 25901K, capacity 26353K, committed 26368K, reserved 26928K
}
Event: 18,362 GC heap after
{Heap after GC invocations=17 (full 0):
 garbage-first heap   total 83968K, used 15153K [0x73a00000, 0xb3a00000)
  region size 1024K, 4 young (4096K), 4 survivors (4096K)
 Metaspace       used 25901K, capacity 26353K, committed 26368K, reserved 26928K
}
Event: 19,097 GC heap before
{Heap before GC invocations=17 (full 0):
 garbage-first heap   total 83968K, used 55089K [0x73a00000, 0xb3a00000)
  region size 1024K, 44 young (45056K), 4 survivors (4096K)
 Metaspace       used 27087K, capacity 27517K, committed 27520K, reserved 27952K
}
Event: 19,125 GC heap after
{Heap after GC invocations=18 (full 0):
 garbage-first heap   total 83968K, used 15494K [0x73a00000, 0xb3a00000)
  region size 1024K, 3 young (3072K), 3 survivors (3072K)
 Metaspace       used 27087K, capacity 27517K, committed 27520K, reserved 27952K
}
Event: 21,058 GC heap before
{Heap before GC invocations=19 (full 0):
 garbage-first heap   total 83968K, used 61574K [0x73a00000, 0xb3a00000)
  region size 1024K, 48 young (49152K), 3 survivors (3072K)
 Metaspace       used 29541K, capacity 30024K, committed 30080K, reserved 31024K
}
Event: 21,072 GC heap after
{Heap after GC invocations=20 (full 0):
 garbage-first heap   total 83968K, used 16214K [0x73a00000, 0xb3a00000)
  region size 1024K, 4 young (4096K), 4 survivors (4096K)
 Metaspace       used 29541K, capacity 30024K, committed 30080K, reserved 31024K
}
Event: 22,518 GC heap before
{Heap before GC invocations=20 (full 0):
 garbage-first heap   total 83968K, used 62294K [0x73a00000, 0xb3a00000)
  region size 1024K, 49 young (50176K), 4 survivors (4096K)
 Metaspace       used 32268K, capacity 32752K, committed 32768K, reserved 33072K
}
Event: 22,532 GC heap after
{Heap after GC invocations=21 (full 0):
 garbage-first heap   total 83968K, used 17420K [0x73a00000, 0xb3a00000)
  region size 1024K, 5 young (5120K), 5 survivors (5120K)
 Metaspace       used 32268K, capacity 32752K, committed 32768K, reserved 33072K
}
Event: 23,742 GC heap before
{Heap before GC invocations=21 (full 0):
 garbage-first heap   total 83968K, used 62476K [0x73a00000, 0xb3a00000)
  region size 1024K, 49 young (50176K), 5 survivors (5120K)
 Metaspace       used 35159K, capacity 35652K, committed 35712K, reserved 36144K
}
Event: 23,764 GC heap after
{Heap after GC invocations=22 (full 0):
 garbage-first heap   total 83968K, used 18177K [0x73a00000, 0xb3a00000)
  region size 1024K, 5 young (5120K), 5 survivors (5120K)
 Metaspace       used 35159K, capacity 35652K, committed 35712K, reserved 36144K
}
Event: 25,301 GC heap before
{Heap before GC invocations=22 (full 0):
 garbage-first heap   total 83968K, used 63233K [0x73a00000, 0xb3a00000)
  region size 1024K, 49 young (50176K), 5 survivors (5120K)
 Metaspace       used 37386K, capacity 37925K, committed 38016K, reserved 38192K
}
Event: 25,325 GC heap after
{Heap after GC invocations=23 (full 0):
 garbage-first heap   total 89088K, used 19337K [0x73a00000, 0xb3a00000)
  region size 1024K, 5 young (5120K), 5 survivors (5120K)
 Metaspace       used 37386K, capacity 37925K, committed 38016K, reserved 38192K
}
Event: 29,005 GC heap before
{Heap before GC invocations=23 (full 0):
 garbage-first heap   total 89088K, used 67465K [0x73a00000, 0xb3a00000)
  region size 1024K, 52 young (53248K), 5 survivors (5120K)
 Metaspace       used 39591K, capacity 40219K, committed 40320K, reserved 41264K
}
Event: 29,030 GC heap after
{Heap after GC invocations=24 (full 0):
 garbage-first heap   total 89088K, used 20154K [0x73a00000, 0xb3a00000)
  region size 1024K, 5 young (5120K), 5 survivors (5120K)
 Metaspace       used 39591K, capacity 40219K, committed 40320K, reserved 41264K
}
Event: 30,256 GC heap before
{Heap before GC invocations=24 (full 0):
 garbage-first heap   total 89088K, used 68282K [0x73a00000, 0xb3a00000)
  region size 1024K, 52 young (53248K), 5 survivors (5120K)
 Metaspace       used 40874K, capacity 41519K, committed 41600K, reserved 42288K
}
Event: 30,297 GC heap after
{Heap after GC invocations=25 (full 0):
 garbage-first heap   total 89088K, used 21102K [0x73a00000, 0xb3a00000)
  region size 1024K, 4 young (4096K), 4 survivors (4096K)
 Metaspace       used 40874K, capacity 41519K, committed 41600K, reserved 42288K
}
Event: 32,083 GC heap before
{Heap before GC invocations=25 (full 0):
 garbage-first heap   total 89088K, used 70254K [0x73a00000, 0xb3a00000)
  region size 1024K, 52 young (53248K), 4 survivors (4096K)
 Metaspace       used 42045K, capacity 42727K, committed 42752K, reserved 43312K
}
Event: 32,114 GC heap after
{Heap after GC invocations=26 (full 0):
 garbage-first heap   total 89088K, used 23031K [0x73a00000, 0xb3a00000)
  region size 1024K, 5 young (5120K), 5 survivors (5120K)
 Metaspace       used 42045K, capacity 42727K, committed 42752K, reserved 43312K
}
Event: 33,621 GC heap before
{Heap before GC invocations=26 (full 0):
 garbage-first heap   total 89088K, used 71159K [0x73a00000, 0xb3a00000)
  region size 1024K, 52 young (53248K), 5 survivors (5120K)
 Metaspace       used 43127K, capacity 43850K, committed 43904K, reserved 44336K
}
Event: 33,644 GC heap after
{Heap after GC invocations=27 (full 0):
 garbage-first heap   total 94208K, used 24774K [0x73a00000, 0xb3a00000)
  region size 1024K, 6 young (6144K), 6 survivors (6144K)
 Metaspace       used 43127K, capacity 43850K, committed 43904K, reserved 44336K
}

