# JRE version: OpenJDK Runtime Environment (11.0.16+8) (build 11.0.16+8-post-Raspbian-1deb10u1)
# Java VM: OpenJDK Server VM (11.0.16+8-post-Raspbian-1deb10u1, mixed mode, g1 gc, linux-)
Heap:
 garbage-first heap   total 94208K, used 49867K [0x73a00000, 0xb3a00000)
  region size 1024K, 29 young (29696K), 4 survivors (4096K)
 Metaspace       used 45662K, capacity 46606K, committed 46720K, reserved 47408K
GC Heap History (20 events):
Event: 30,244 GC heap before
{Heap before GC invocations=21 (full 0):
 garbage-first heap   total 83968K, used 55566K [0x73a00000, 0xb3a00000)
  region size 1024K, 43 young (44032K), 4 survivors (4096K)
 Metaspace       used 29234K, capacity 29705K, committed 29824K, reserved 30000K
}
Event: 30,261 GC heap after
{Heap after GC invocations=22 (full 0):
 garbage-first heap   total 83968K, used 16028K [0x73a00000, 0xb3a00000)
  region size 1024K, 4 young (4096K), 4 survivors (4096K)
 Metaspace       used 29234K, capacity 29705K, committed 29824K, reserved 30000K
}
Event: 31,786 GC heap before
{Heap before GC invocations=22 (full 0):
 garbage-first heap   total 83968K, used 58012K [0x73a00000, 0xb3a00000)
  region size 1024K, 45 young (46080K), 4 survivors (4096K)
 Metaspace       used 31577K, capacity 32079K, committed 32128K, reserved 33072K
}
Event: 31,818 GC heap after
{Heap after GC invocations=23 (full 0):
 garbage-first heap   total 83968K, used 17025K [0x73a00000, 0xb3a00000)
  region size 1024K, 4 young (4096K), 4 survivors (4096K)
 Metaspace       used 31577K, capacity 32079K, committed 32128K, reserved 33072K
}
Event: 32,990 GC heap before
{Heap before GC invocations=23 (full 0):
 garbage-first heap   total 83968K, used 59009K [0x73a00000, 0xb3a00000)
  region size 1024K, 45 young (46080K), 4 survivors (4096K)
 Metaspace       used 34367K, capacity 34885K, committed 34944K, reserved 35120K
}
Event: 33,012 GC heap after
{Heap after GC invocations=24 (full 0):
 garbage-first heap   total 83968K, used 17896K [0x73a00000, 0xb3a00000)
  region size 1024K, 5 young (5120K), 5 survivors (5120K)
 Metaspace       used 34367K, capacity 34885K, committed 34944K, reserved 35120K
}
Event: 34,325 GC heap before
{Heap before GC invocations=24 (full 0):
 garbage-first heap   total 83968K, used 60904K [0x73a00000, 0xb3a00000)
  region size 1024K, 47 young (48128K), 5 survivors (5120K)
 Metaspace       used 36932K, capacity 37440K, committed 37504K, reserved 38192K
}
Event: 34,346 GC heap after
{Heap after GC invocations=25 (full 0):
 garbage-first heap   total 89088K, used 18435K [0x73a00000, 0xb3a00000)
  region size 1024K, 4 young (4096K), 4 survivors (4096K)
 Metaspace       used 36932K, capacity 37440K, committed 37504K, reserved 38192K
}
Event: 36,225 GC heap before
{Heap before GC invocations=25 (full 0):
 garbage-first heap   total 89088K, used 67587K [0x73a00000, 0xb3a00000)
  region size 1024K, 52 young (53248K), 4 survivors (4096K)
 Metaspace       used 39279K, capacity 39914K, committed 39936K, reserved 40240K
}
Event: 36,243 GC heap after
{Heap after GC invocations=26 (full 0):
 garbage-first heap   total 89088K, used 19967K [0x73a00000, 0xb3a00000)
  region size 1024K, 5 young (5120K), 5 survivors (5120K)
 Metaspace       used 39279K, capacity 39914K, committed 39936K, reserved 40240K
}
Event: 37,575 GC heap before
{Heap before GC invocations=26 (full 0):
 garbage-first heap   total 89088K, used 68095K [0x73a00000, 0xb3a00000)
  region size 1024K, 52 young (53248K), 5 survivors (5120K)
 Metaspace       used 40455K, capacity 41113K, committed 41216K, reserved 41264K
}
Event: 37,597 GC heap after
{Heap after GC invocations=27 (full 0):
 garbage-first heap   total 89088K, used 21626K [0x73a00000, 0xb3a00000)
  region size 1024K, 5 young (5120K), 5 survivors (5120K)
 Metaspace       used 40455K, capacity 41113K, committed 41216K, reserved 41264K
}
Event: 39,001 GC heap before
{Heap before GC invocations=27 (full 0):
 garbage-first heap   total 89088K, used 69754K [0x73a00000, 0xb3a00000)
  region size 1024K, 52 young (53248K), 5 survivors (5120K)
 Metaspace       used 41661K, capacity 42349K, committed 42368K, reserved 43312K
}
Event: 39,023 GC heap after
{Heap after GC invocations=28 (full 0):
 garbage-first heap   total 89088K, used 23432K [0x73a00000, 0xb3a00000)
  region size 1024K, 5 young (5120K), 5 survivors (5120K)
 Metaspace       used 41661K, capacity 42349K, committed 42368K, reserved 43312K
}
Event: 40,820 GC heap before
{Heap before GC invocations=28 (full 0):
 garbage-first heap   total 89088K, used 71560K [0x73a00000, 0xb3a00000)
  region size 1024K, 52 young (53248K), 5 survivors (5120K)
 Metaspace       used 43112K, capacity 43923K, committed 44032K, reserved 44336K
}
Event: 40,841 GC heap after
{Heap after GC invocations=29 (full 0):
 garbage-first heap   total 94208K, used 24658K [0x73a00000, 0xb3a00000)
  region size 1024K, 5 young (5120K), 5 survivors (5120K)
 Metaspace       used 43112K, capacity 43923K, committed 44032K, reserved 44336K
}
Event: 44,981 GC heap before
{Heap before GC invocations=29 (full 0):
 garbage-first heap   total 94208K, used 73810K [0x73a00000, 0xb3a00000)
  region size 1024K, 53 young (54272K), 5 survivors (5120K)
 Metaspace       used 44840K, capacity 45730K, committed 45824K, reserved 46384K
}
Event: 45,016 GC heap after
{Heap after GC invocations=30 (full 0):
 garbage-first heap   total 94208K, used 25441K [0x73a00000, 0xb3a00000)
  region size 1024K, 4 young (4096K), 4 survivors (4096K)
 Metaspace       used 44840K, capacity 45730K, committed 45824K, reserved 46384K
}
Event: 45,219 GC heap before
{Heap before GC invocations=30 (full 0):
 garbage-first heap   total 94208K, used 39777K [0x73a00000, 0xb3a00000)
  region size 1024K, 19 young (19456K), 4 survivors (4096K)
 Metaspace       used 45167K, capacity 46055K, committed 46080K, reserved 46384K
}
Event: 45,233 GC heap after
{Heap after GC invocations=31 (full 0):
 garbage-first heap   total 94208K, used 25291K [0x73a00000, 0xb3a00000)
  region size 1024K, 4 young (4096K), 4 survivors (4096K)
 Metaspace       used 45167K, capacity 46055K, committed 46080K, reserved 46384K
}

