# JRE version: OpenJDK Runtime Environment (11.0.16+8) (build 11.0.16+8-post-Raspbian-1deb10u1)
# Java VM: OpenJDK Server VM (11.0.16+8-post-Raspbian-1deb10u1, mixed mode, g1 gc, linux-)
Heap:
 garbage-first heap   total 94208K, used 45056K [0x73a00000, 0xb3a00000)
  region size 1024K, 23 young (23552K), 3 survivors (3072K)
 Metaspace       used 45652K, capacity 46579K, committed 46592K, reserved 47408K
GC Heap History (20 events):
Event: 17,808 GC heap before
{Heap before GC invocations=17 (full 0):
 garbage-first heap   total 83968K, used 48845K [0x73a00000, 0xb3a00000)
  region size 1024K, 38 young (38912K), 4 survivors (4096K)
 Metaspace       used 27109K, capacity 27517K, committed 27520K, reserved 27952K
}
Event: 17,838 GC heap after
{Heap after GC invocations=18 (full 0):
 garbage-first heap   total 83968K, used 15561K [0x73a00000, 0xb3a00000)
  region size 1024K, 5 young (5120K), 5 survivors (5120K)
 Metaspace       used 27109K, capacity 27517K, committed 27520K, reserved 27952K
}
Event: 19,724 GC heap before
{Heap before GC invocations=19 (full 0):
 garbage-first heap   total 83968K, used 60617K [0x73a00000, 0xb3a00000)
  region size 1024K, 49 young (50176K), 5 survivors (5120K)
 Metaspace       used 29497K, capacity 29928K, committed 29952K, reserved 30000K
}
Event: 19,762 GC heap after
{Heap after GC invocations=20 (full 0):
 garbage-first heap   total 89088K, used 16298K [0x73a00000, 0xb3a00000)
  region size 1024K, 4 young (4096K), 4 survivors (4096K)
 Metaspace       used 29497K, capacity 29928K, committed 29952K, reserved 30000K
}
Event: 21,534 GC heap before
{Heap before GC invocations=20 (full 0):
 garbage-first heap   total 89088K, used 64426K [0x73a00000, 0xb3a00000)
  region size 1024K, 51 young (52224K), 4 survivors (4096K)
 Metaspace       used 32342K, capacity 32816K, committed 32896K, reserved 33072K
}
Event: 21,555 GC heap after
{Heap after GC invocations=21 (full 0):
 garbage-first heap   total 89088K, used 17155K [0x73a00000, 0xb3a00000)
  region size 1024K, 5 young (5120K), 5 survivors (5120K)
 Metaspace       used 32342K, capacity 32816K, committed 32896K, reserved 33072K
}
Event: 22,913 GC heap before
{Heap before GC invocations=21 (full 0):
 garbage-first heap   total 89088K, used 65283K [0x73a00000, 0xb3a00000)
  region size 1024K, 52 young (53248K), 5 survivors (5120K)
 Metaspace       used 35426K, capacity 35948K, committed 35968K, reserved 36144K
}
Event: 22,936 GC heap after
{Heap after GC invocations=22 (full 0):
 garbage-first heap   total 89088K, used 18068K [0x73a00000, 0xb3a00000)
  region size 1024K, 4 young (4096K), 4 survivors (4096K)
 Metaspace       used 35426K, capacity 35948K, committed 35968K, reserved 36144K
}
Event: 25,293 GC heap before
{Heap before GC invocations=22 (full 0):
 garbage-first heap   total 89088K, used 67220K [0x73a00000, 0xb3a00000)
  region size 1024K, 52 young (53248K), 4 survivors (4096K)
 Metaspace       used 38042K, capacity 38572K, committed 38656K, reserved 39216K
}
Event: 25,313 GC heap after
{Heap after GC invocations=23 (full 0):
 garbage-first heap   total 89088K, used 19601K [0x73a00000, 0xb3a00000)
  region size 1024K, 5 young (5120K), 5 survivors (5120K)
 Metaspace       used 38042K, capacity 38572K, committed 38656K, reserved 39216K
}
Event: 27,466 GC heap before
{Heap before GC invocations=23 (full 0):
 garbage-first heap   total 89088K, used 67729K [0x73a00000, 0xb3a00000)
  region size 1024K, 52 young (53248K), 5 survivors (5120K)
 Metaspace       used 39936K, capacity 40562K, committed 40576K, reserved 41264K
}
Event: 27,486 GC heap after
{Heap after GC invocations=24 (full 0):
 garbage-first heap   total 94208K, used 21059K [0x73a00000, 0xb3a00000)
  region size 1024K, 5 young (5120K), 5 survivors (5120K)
 Metaspace       used 39936K, capacity 40562K, committed 40576K, reserved 41264K
}
Event: 29,131 GC heap before
{Heap before GC invocations=24 (full 0):
 garbage-first heap   total 94208K, used 71235K [0x73a00000, 0xb3a00000)
  region size 1024K, 54 young (55296K), 5 survivors (5120K)
 Metaspace       used 41133K, capacity 41801K, committed 41856K, reserved 42288K
}
Event: 29,153 GC heap after
{Heap after GC invocations=25 (full 0):
 garbage-first heap   total 94208K, used 22956K [0x73a00000, 0xb3a00000)
  region size 1024K, 6 young (6144K), 6 survivors (6144K)
 Metaspace       used 41133K, capacity 41801K, committed 41856K, reserved 42288K
}
Event: 30,715 GC heap before
{Heap before GC invocations=25 (full 0):
 garbage-first heap   total 94208K, used 73132K [0x73a00000, 0xb3a00000)
  region size 1024K, 55 young (56320K), 6 survivors (6144K)
 Metaspace       used 42357K, capacity 43059K, committed 43136K, reserved 43312K
}
Event: 30,748 GC heap after
{Heap after GC invocations=26 (full 0):
 garbage-first heap   total 94208K, used 24496K [0x73a00000, 0xb3a00000)
  region size 1024K, 5 young (5120K), 5 survivors (5120K)
 Metaspace       used 42357K, capacity 43059K, committed 43136K, reserved 43312K
}
Event: 37,965 GC heap before
{Heap before GC invocations=26 (full 0):
 garbage-first heap   total 94208K, used 74672K [0x73a00000, 0xb3a00000)
  region size 1024K, 54 young (55296K), 5 survivors (5120K)
 Metaspace       used 44254K, capacity 45110K, committed 45184K, reserved 45360K
}
Event: 37,997 GC heap after
{Heap after GC invocations=27 (full 0):
 garbage-first heap   total 94208K, used 25320K [0x73a00000, 0xb3a00000)
  region size 1024K, 5 young (5120K), 5 survivors (5120K)
 Metaspace       used 44254K, capacity 45110K, committed 45184K, reserved 45360K
}
Event: 38,811 GC heap before
{Heap before GC invocations=27 (full 0):
 garbage-first heap   total 94208K, used 60136K [0x73a00000, 0xb3a00000)
  region size 1024K, 40 young (40960K), 5 survivors (5120K)
 Metaspace       used 45199K, capacity 46076K, committed 46080K, reserved 46384K
}
Event: 38,841 GC heap after
{Heap after GC invocations=28 (full 0):
 garbage-first heap   total 94208K, used 25600K [0x73a00000, 0xb3a00000)
  region size 1024K, 3 young (3072K), 3 survivors (3072K)
 Metaspace       used 45199K, capacity 46076K, committed 46080K, reserved 46384K
}

